C:\Users\Hassan\Documents\Projects\ai-studio\app/source_documents\Quran-english.pdf loaded.
C:\Users\Hassan\Documents\Projects\ai-studio\app/source_documents\Quran-english.pdf loading error: 
cannot import name 'etree' from 'lxml' (C:\Users\Hassan\.conda\envs\aistudio\Lib\site-packages\lxml\__init__.py)
C:\Users\Hassan\Documents\Projects\ai-studio\app/source_documents\Quran-english.pdf loaded.
C:\Users\Hassan\Documents\Projects\ai-studio\app/source_documents\Quran-english.pdf loading error: 
cannot import name 'etree' from 'lxml' (C:\Users\Hassan\.conda\envs\aistudio\Lib\site-packages\lxml\__init__.py)
C:\Users\Hassan\Documents\Projects\ai-studio\app/source_documents\Quran-english.pdf loaded.
C:\Users\Hassan\Documents\Projects\ai-studio\app/source_documents\Quran-english.pdf loading error: 
cannot import name 'etree' from 'lxml' (C:\Users\Hassan\.conda\envs\aistudio\Lib\site-packages\lxml\__init__.py)
C:\Users\Hassan\Documents\Projects\ai-studio\app/source_documents\Quran-english.pdf loaded.
C:\Users\Hassan\Documents\Projects\ai-studio\app/source_documents\Quran-english.pdf loading error: 
cannot import name 'etree' from 'lxml' (C:\Users\Hassan\.conda\envs\aistudio\Lib\site-packages\lxml\__init__.py)
C:\Users\Hassan\Documents\Projects\ai-studio\app/source_documents\Quran-english.pdf loaded.
C:\Users\Hassan\Documents\Projects\ai-studio\app/source_documents\Quran-english.pdf loading error: 
cannot import name 'etree' from 'lxml' (C:\Users\Hassan\.conda\envs\aistudio\Lib\site-packages\lxml\__init__.py)
C:\Users\Hassan\Documents\Projects\ai-studio\app/source_documents\Quran-english.pdf loaded.
C:\Users\Hassan\Documents\Projects\ai-studio\app/source_documents\Quran-english.pdf loading error: 
cannot import name 'etree' from 'lxml' (C:\Users\Hassan\.conda\envs\aistudio\Lib\site-packages\lxml\__init__.py)
C:\Users\Hassan\Documents\Projects\ai-studio\app/source_documents\Quran-english.pdf loaded.
C:\Users\Hassan\Documents\Projects\ai-studio\app/source_documents\Quran-english.pdf loading error: 
cannot import name 'etree' from 'lxml' (C:\Users\Hassan\.conda\envs\aistudio\Lib\site-packages\lxml\__init__.py)
C:\Users\Hassan\Documents\Projects\ai-studio\app/source_documents\Quran-english.pdf loaded.
C:\Users\Hassan\Documents\Projects\ai-studio\app/source_documents\Quran-english.pdf loading error: 
cannot import name 'etree' from 'lxml' (C:\Users\Hassan\.conda\envs\aistudio\Lib\site-packages\lxml\__init__.py)
C:\Users\Hassan\Documents\Projects\ai-studio\app/source_documents\Quran-english.pdf loaded.
C:\Users\Hassan\Documents\Projects\ai-studio\app/source_documents\Quran-english.pdf loading error: 
cannot import name 'etree' from 'lxml' (C:\Users\Hassan\.conda\envs\aistudio\Lib\site-packages\lxml\__init__.py)
C:\Users\Hassan\Documents\Projects\ai-studio\app/source_documents\Quran-english.pdf loaded.
C:\Users\Hassan\Documents\Projects\ai-studio\app/source_documents\Quran-english.pdf loading error: 
cannot import name 'etree' from 'lxml' (C:\Users\Hassan\.conda\envs\aistudio\Lib\site-packages\lxml\__init__.py)
C:\Users\Hassan\Documents\Projects\ai-studio\app/source_documents\Quran-english.pdf loaded.
C:\Users\Hassan\Documents\Projects\ai-studio\app/source_documents\Quran-english.pdf loading error: 
cannot import name 'etree' from 'lxml' (C:\Users\Hassan\.conda\envs\aistudio\Lib\site-packages\lxml\__init__.py)
C:\Users\Hassan\Documents\Projects\ai-studio\app/source_documents\wizard_of_oz.txt loaded.
C:\Users\Hassan\Documents\Projects\ai-studio\app/source_documents\61_1990_01 SP.pdf loaded.
C:\Users\Hassan\Documents\Projects\ai-studio\app/source_documents\61_1990_01 SP.pdf loading error: 
cannot import name 'etree' from 'lxml' (C:\Users\Hassan\.conda\envs\aistudio\Lib\site-packages\lxml\__init__.py)
C:\Users\Hassan\Documents\Projects\ai-studio\app/source_documents\61_1990_01 SP.pdf loaded.
C:\Users\Hassan\Documents\Projects\ai-studio\app/source_documents\61_1990_01 SP.pdf loading error: 
cannot import name 'etree' from 'lxml' (C:\Users\Hassan\.conda\envs\aistudio\Lib\site-packages\lxml\__init__.py)
C:\Users\Hassan\Documents\Projects\ai-studio\app/source_documents\61_1990_01 SP.pdf loaded.
C:\Users\Hassan\Documents\Projects\ai-studio\app/source_documents\61_1990_01 SP.pdf loading error: 
cannot import name 'etree' from 'lxml' (C:\Users\Hassan\.conda\envs\aistudio\Lib\site-packages\lxml\__init__.py)
